<?xml version="1.0" encoding="UTF-8"?>
<!-- Generated by org.testng.reporters.JUnitReportReporter -->
<testsuite hostname="Acer" failures="0" tests="1" name="practicaSel.PruebaSeleniumTest" time="4.883" errors="0" timestamp="2023-10-23T14:44:48 COT" skipped="0">
  <testcase classname="practicaSel.PruebaSeleniumTest" name="f" time="4.883"/>
  <system-out/>
</testsuite> <!-- practicaSel.PruebaSeleniumTest -->
